Flow report for ModularSynth_DSP
Sat Feb 28 22:20:29 2026
Quartus II Version 9.1 Build 350 03/24/2010 Service Pack 2 SJ Web Edition


---------------------
; Table of Contents ;
---------------------
  1. Legal Notice
  2. Flow Summary
  3. Flow Settings
  4. Flow Non-Default Global Settings
  5. Flow Elapsed Time
  6. Flow OS Summary
  7. Flow Log



----------------
; Legal Notice ;
----------------
Copyright (C) 1991-2010 Altera Corporation
Your use of Altera Corporation's design tools, logic functions 
and other software and tools, and its AMPP partner logic 
functions, and any output files from any of the foregoing 
(including device programming or simulation files), and any 
associated documentation or information are expressly subject 
to the terms and conditions of the Altera Program License 
Subscription Agreement, Altera MegaCore Function License 
Agreement, or other applicable license agreement, including, 
without limitation, that your use is for the sole purpose of 
programming logic devices manufactured by Altera and sold by 
Altera or its authorized distributors.  Please refer to the 
applicable agreement for further details.



+-----------------------------------------------------------------------------------+
; Flow Summary                                                                      ;
+------------------------------------+----------------------------------------------+
; Flow Status                        ; Successful - Sat Feb 28 22:20:29 2026        ;
; Quartus II Version                 ; 9.1 Build 350 03/24/2010 SP 2 SJ Web Edition ;
; Revision Name                      ; ModularSynth_DSP                             ;
; Top-level Entity Name              ; ModularSynth_DSP                             ;
; Family                             ; Cyclone III                                  ;
; Device                             ; EP3C16F484C6                                 ;
; Timing Models                      ; Final                                        ;
; Met timing requirements            ; N/A                                          ;
; Total logic elements               ; 3,360 / 15,408 ( 22 % )                      ;
;     Total combinational functions  ; 3,355 / 15,408 ( 22 % )                      ;
;     Dedicated logic registers      ; 757 / 15,408 ( 5 % )                         ;
; Total registers                    ; 757                                          ;
; Total pins                         ; 52 / 347 ( 15 % )                            ;
; Total virtual pins                 ; 0                                            ;
; Total memory bits                  ; 265,984 / 516,096 ( 52 % )                   ;
; Embedded Multiplier 9-bit elements ; 2 / 112 ( 2 % )                              ;
; Total PLLs                         ; 0 / 4 ( 0 % )                                ;
+------------------------------------+----------------------------------------------+


+-----------------------------------------+
; Flow Settings                           ;
+-------------------+---------------------+
; Option            ; Setting             ;
+-------------------+---------------------+
; Start date & time ; 02/28/2026 22:19:14 ;
; Main task         ; Compilation         ;
; Revision Name     ; ModularSynth_DSP    ;
+-------------------+---------------------+


+-------------------------------------------------------------------------------------------------------------------------------------+
; Flow Non-Default Global Settings                                                                                                    ;
+--------------------------------------+-----------------------------------------------+---------------+-------------+----------------+
; Assignment Name                      ; Value                                         ; Default Value ; Entity Name ; Section Id     ;
+--------------------------------------+-----------------------------------------------+---------------+-------------+----------------+
; COMPILER_SIGNATURE_ID                ; 944349564721.177230995402416                  ; --            ; --          ; --             ;
; EDA_NATIVELINK_SIMULATION_TEST_BENCH ; tb_phase_accumulator                          ; --            ; --          ; eda_simulation ;
; EDA_OUTPUT_DATA_FORMAT               ; Vhdl                                          ; --            ; --          ; eda_simulation ;
; EDA_SIMULATION_TOOL                  ; ModelSim-Altera (VHDL)                        ; <None>        ; --          ; --             ;
; EDA_TEST_BENCH_ENABLE_STATUS         ; TEST_BENCH_MODE                               ; --            ; --          ; eda_simulation ;
; EDA_TIME_SCALE                       ; 1 ps                                          ; --            ; --          ; eda_simulation ;
; MAX_CORE_JUNCTION_TEMP               ; 85                                            ; --            ; --          ; --             ;
; MIN_CORE_JUNCTION_TEMP               ; 0                                             ; --            ; --          ; --             ;
; MISC_FILE                            ; C:/rock/ModularSynth_DSP/ModularSynth_DSP.dpf ; --            ; --          ; --             ;
; NOMINAL_CORE_SUPPLY_VOLTAGE          ; 1.2V                                          ; --            ; --          ; --             ;
; PARTITION_COLOR                      ; 16764057                                      ; --            ; --          ; Top            ;
; PARTITION_NETLIST_TYPE               ; SOURCE                                        ; --            ; --          ; Top            ;
; USE_GENERATED_PHYSICAL_CONSTRAINTS   ; Off                                           ; --            ; --          ; eda_blast_fpga ;
; VERILOG_INPUT_VERSION                ; SystemVerilog_2005                            ; Verilog_2001  ; --          ; --             ;
; VHDL_INPUT_VERSION                   ; VHDL_2008                                     ; VHDL_1993     ; --          ; --             ;
+--------------------------------------+-----------------------------------------------+---------------+-------------+----------------+


+-------------------------------------------------------------------------------------------------------------------------------+
; Flow Elapsed Time                                                                                                             ;
+---------------------------+--------------+-------------------------+---------------------+------------------------------------+
; Module Name               ; Elapsed Time ; Average Processors Used ; Peak Virtual Memory ; Total CPU Time (on all processors) ;
+---------------------------+--------------+-------------------------+---------------------+------------------------------------+
; Analysis & Synthesis      ; 00:00:21     ; 1.0                     ; 251 MB              ; 00:00:23                           ;
; Fitter                    ; 00:00:25     ; 1.0                     ; 315 MB              ; 00:00:29                           ;
; TimeQuest Timing Analyzer ; 00:00:13     ; 1.0                     ; 280 MB              ; 00:00:11                           ;
; Assembler                 ; 00:00:03     ; 1.0                     ; 242 MB              ; 00:00:03                           ;
; EDA Netlist Writer        ; 00:00:11     ; 1.0                     ; 218 MB              ; 00:00:14                           ;
; Total                     ; 00:01:10     ; --                      ; --                  ; 00:01:17                           ;
+---------------------------+--------------+-------------------------+---------------------+------------------------------------+


+--------------------------------------------------------------------------------------------+
; Flow OS Summary                                                                            ;
+---------------------------+------------------+---------------+------------+----------------+
; Module Name               ; Machine Hostname ; OS Name       ; OS Version ; Processor type ;
+---------------------------+------------------+---------------+------------+----------------+
; Analysis & Synthesis      ; LAPTOP-E00F2NKT  ; Windows Vista ; 6.2        ; x86_64         ;
; Fitter                    ; LAPTOP-E00F2NKT  ; Windows Vista ; 6.2        ; x86_64         ;
; Assembler                 ; LAPTOP-E00F2NKT  ; Windows Vista ; 6.2        ; x86_64         ;
; TimeQuest Timing Analyzer ; LAPTOP-E00F2NKT  ; Windows Vista ; 6.2        ; x86_64         ;
; EDA Netlist Writer        ; LAPTOP-E00F2NKT  ; Windows Vista ; 6.2        ; x86_64         ;
+---------------------------+------------------+---------------+------------+----------------+


------------
; Flow Log ;
------------
quartus_map --read_settings_files=on --write_settings_files=off ModularSynth_DSP -c ModularSynth_DSP
quartus_fit --read_settings_files=off --write_settings_files=off ModularSynth_DSP -c ModularSynth_DSP
quartus_asm --read_settings_files=off --write_settings_files=off ModularSynth_DSP -c ModularSynth_DSP
quartus_sta ModularSynth_DSP -c ModularSynth_DSP
quartus_eda --read_settings_files=off --write_settings_files=off ModularSynth_DSP -c ModularSynth_DSP



